[2017-09-25 11:44:33,778 INFO] - org.eclipse.om2m.datamapping.jaxb.Activator 
Starting Data Mapper
[2017-09-25 11:44:33,779 INFO] - org.eclipse.om2m.datamapping.jaxb.Activator 
Registering XML Mapper Service..
[2017-09-25 11:44:34,976 INFO] - org.eclipse.om2m.datamapping.jaxb.Activator 
XML Mapper service registered.
[2017-09-25 11:44:34,976 INFO] - org.eclipse.om2m.datamapping.jaxb.Activator 
Registering JSON Mapper Service..
[2017-09-25 11:44:35,540 INFO] - org.eclipse.om2m.datamapping.jaxb.Activator 
JSON Mapper service registered.
[2017-09-25 11:44:35,574 INFO] - org.eclipse.om2m.binding.coap.Activator 
Register CoAP RestClientService..
[2017-09-25 11:44:35,576 INFO] - org.eclipse.om2m.binding.coap.Activator 
Starting CoAP server
[2017-09-25 11:44:35,635 INFO] - org.eclipse.om2m.binding.coap.Activator 
CseService opened
[2017-09-25 11:44:35,675 INFO] - org.eclipse.om2m.binding.http.Activator 
Register HTTP RestClientService..
[2017-09-25 11:44:35,689 INFO] - org.eclipse.om2m.binding.http.Activator 
HTTP RestClientService is registered.
[2017-09-25 11:44:35,691 INFO] - org.eclipse.om2m.persistence.eclipselink.Activator 
Starting Persistence JPA plugin...
[2017-09-25 11:44:35,693 INFO] - org.eclipse.om2m.persistence.eclipselink.internal.DBServiceJPAImpl 
Initializing Database...
[2017-09-25 11:44:35,693 INFO] - org.eclipse.om2m.binding.http.Activator 
HttpService discovered
[2017-09-25 11:44:35,695 INFO] - org.eclipse.om2m.persistence.eclipselink.internal.DBServiceJPAImpl 
Creating new EntityManagerFactory...
[2017-09-25 11:44:35,695 INFO] - org.eclipse.om2m.binding.http.Activator 
Register / context
[2017-09-25 11:44:36,123 INFO] - org.eclipse.om2m.core.Activator 
Starting CSE...
[2017-09-25 11:44:36,124 INFO] - org.eclipse.om2m.core.Activator 
Added Data Mapper Service: application/xml
[2017-09-25 11:44:36,125 INFO] - org.eclipse.om2m.core.Activator 
Added Data Mapper Service: application/json
[2017-09-25 11:44:36,128 INFO] - org.eclipse.om2m.core.Activator 
Rest client service discovered. Protocol: coap
[2017-09-25 11:44:36,128 INFO] - org.eclipse.om2m.core.Activator 
Rest client service discovered. Protocol: http
[2017-09-25 11:44:36,703 INFO] - org.eclipse.om2m.semantics.Activator 
Starting semantics service
[2017-09-25 11:44:36,704 INFO] - org.eclipse.om2m.semantics.Activator 
Registering semantics service..
[2017-09-25 11:44:36,718 INFO] - org.eclipse.om2m.core.Activator 
Semantics service discovered
[2017-09-25 11:44:36,719 INFO] - org.eclipse.om2m.semantics.Activator 
Semantics service registered.
[2017-09-25 11:44:36,723 INFO] - org.eclipse.om2m.webapp.resourcesbrowser.xml.Activator 
HttpService discovered
[2017-09-25 11:44:36,724 INFO] - org.eclipse.om2m.webapp.resourcesbrowser.xml.Activator 
Register /webpage http context
[2017-09-25 11:44:37,694 INFO] - org.eclipse.om2m.persistence.eclipselink.internal.DBServiceJPAImpl 
DataBase initialized.
[2017-09-25 11:44:37,724 INFO] - org.eclipse.om2m.persistence.eclipselink.Activator 
Registering Database (JPA-EL) Service
[2017-09-25 11:44:37,725 INFO] - org.eclipse.om2m.core.Activator 
DataBase persistence service discovered
[2017-09-25 11:44:37,726 INFO] - org.eclipse.om2m.core.thread.CoreExecutor 
Creating thread pool with corePoolSize=5 & maximumSize=50
[2017-09-25 11:44:37,747 INFO] - org.eclipse.om2m.core.CSEInitializer 
Initializating the cseBase
[2017-09-25 11:44:37,762 INFO] - org.eclipse.om2m.core.CSEInitializer 
Create AccessControlPolicy resource
[2017-09-25 11:44:37,825 INFO] - org.eclipse.om2m.core.CSEInitializer 
Create CSEBase resource
[2017-09-25 11:44:37,875 INFO] - org.eclipse.om2m.core.Activator 
Registering CseService...
[2017-09-25 11:44:37,900 INFO] - org.eclipse.om2m.binding.coap.Activator 
CSE Service discovered
[2017-09-25 11:44:37,900 INFO] - org.eclipse.om2m.binding.http.Activator 
CseService discovered
[2017-09-25 11:44:37,900 INFO] - org.eclipse.om2m.core.Activator 
CSE Started
[2017-09-25 11:44:49,126 INFO] - org.eclipse.om2m.binding.http.RestHttpServlet 
----------------------------------------------------------------------------------------------
[2017-09-25 11:44:49,129 INFO] - org.eclipse.om2m.binding.http.RestHttpServlet 
Built RequestPrimitive: RequestPrimitive [to=favicon.ico,
 ]
[2017-09-25 11:44:49,130 INFO] - org.eclipse.om2m.binding.http.RestHttpServlet 
Accept header: text/html,application/xhtml+xml,application/xml;q=0.9,*/*;q=0.8
[2017-09-25 11:44:49,130 INFO] - org.eclipse.om2m.core.router.Router 
Received request in Router: RequestPrimitive [operation=2,
 to=favicon.ico,
 returnContentType=application/xml,
 requestContentType=application/xml,
 queryStrings={}]
[2017-09-25 11:44:49,130 INFO] - org.eclipse.om2m.core.router.Router 
Request handling in the current CSE: favicon.ico
[2017-09-25 11:44:49,131 INFO] - org.eclipse.om2m.core.router.Router 
OM2M exception caught in Router: Malformed URI
[2017-09-25 11:44:49,131 INFO] - org.eclipse.om2m.core.router.Router 
Response in Router= ResponsePrimitive [responseStatusCode=4000,
 content=Malformed URI,
 from=/in-cse,
 contentType=text/plain,
]
[2017-09-25 11:44:52,259 INFO] - org.eclipse.om2m.binding.http.RestHttpServlet 
----------------------------------------------------------------------------------------------
[2017-09-25 11:44:52,262 INFO] - org.eclipse.om2m.binding.http.RestHttpServlet 
Built RequestPrimitive: RequestPrimitive [to=/in-cse,
 resultContent=5,
 ]
[2017-09-25 11:44:52,262 INFO] - org.eclipse.om2m.binding.http.RestHttpServlet 
Accept header: application/xml
[2017-09-25 11:44:52,263 INFO] - org.eclipse.om2m.core.router.Router 
Received request in Router: RequestPrimitive [operation=2,
 to=/in-cse,
 from=admin:admin,
 resultContent=5,
 returnContentType=application/xml,
 requestContentType=application/xml,
 queryStrings={rcn=[5]}]
[2017-09-25 11:44:52,263 INFO] - org.eclipse.om2m.core.router.Router 
Request handling in the current CSE: /in-cse
[2017-09-25 11:44:52,264 INFO] - org.eclipse.om2m.core.router.Router 
ResourceController to be used [CSEBaseController]
[2017-09-25 11:44:52,313 INFO] - org.eclipse.om2m.core.router.Router 
Response in Router= ResponsePrimitive [responseStatusCode=2000,
 content=<?xml version="1.0" encoding="UTF-8"?>
<m2m:cb xmlns:m2m="http://www.onem2m.org/xml/protocols" rn="in-name">
   <ty>5</ty>
   <ri>/in-cse</ri>
   <ct>20170925T114437</ct>
   <lt>20170925T114437</lt>
   <acpi>/in-cse/acp-777852748</acpi>
   <cst>1</cst>
   <csi>in-cse</csi>
   <srt>1 2 3 4 5 9 14 15 16 17 23</srt>
   <poa>http://127.0.0.1:8080/</poa>
   <ch rn="acp_admin" ty="1">/in-cse/acp-777852748</ch>
</m2m:cb>
,
 to=admin:admin,
 from=/in-cse,
 contentType=application/xml,
]
[2017-09-25 13:53:54,178 INFO] - org.eclipse.om2m.datamapping.jaxb.Activator 
Starting Data Mapper
[2017-09-25 13:53:54,179 INFO] - org.eclipse.om2m.datamapping.jaxb.Activator 
Registering XML Mapper Service..
[2017-09-25 13:53:55,150 INFO] - org.eclipse.om2m.datamapping.jaxb.Activator 
XML Mapper service registered.
[2017-09-25 13:53:55,150 INFO] - org.eclipse.om2m.datamapping.jaxb.Activator 
Registering JSON Mapper Service..
[2017-09-25 13:53:55,612 INFO] - org.eclipse.om2m.datamapping.jaxb.Activator 
JSON Mapper service registered.
[2017-09-25 13:53:55,617 INFO] - org.eclipse.om2m.binding.coap.Activator 
Register CoAP RestClientService..
[2017-09-25 13:53:55,619 INFO] - org.eclipse.om2m.binding.coap.Activator 
Starting CoAP server
[2017-09-25 13:53:55,658 INFO] - org.eclipse.om2m.binding.coap.Activator 
CseService opened
[2017-09-25 13:53:55,673 INFO] - org.eclipse.om2m.binding.http.Activator 
Register HTTP RestClientService..
[2017-09-25 13:53:55,681 INFO] - org.eclipse.om2m.binding.http.Activator 
HTTP RestClientService is registered.
[2017-09-25 13:53:55,686 INFO] - org.eclipse.om2m.binding.http.Activator 
HttpService discovered
[2017-09-25 13:53:55,687 INFO] - org.eclipse.om2m.persistence.eclipselink.Activator 
Starting Persistence JPA plugin...
[2017-09-25 13:53:55,688 INFO] - org.eclipse.om2m.binding.http.Activator 
Register / context
[2017-09-25 13:53:55,688 INFO] - org.eclipse.om2m.persistence.eclipselink.internal.DBServiceJPAImpl 
Initializing Database...
[2017-09-25 13:53:55,689 INFO] - org.eclipse.om2m.persistence.eclipselink.internal.DBServiceJPAImpl 
Creating new EntityManagerFactory...
[2017-09-25 13:53:55,787 INFO] - org.eclipse.om2m.core.Activator 
Starting CSE...
[2017-09-25 13:53:55,787 INFO] - org.eclipse.om2m.core.Activator 
Added Data Mapper Service: application/xml
[2017-09-25 13:53:55,787 INFO] - org.eclipse.om2m.core.Activator 
Added Data Mapper Service: application/json
[2017-09-25 13:53:55,789 INFO] - org.eclipse.om2m.core.Activator 
Rest client service discovered. Protocol: coap
[2017-09-25 13:53:55,789 INFO] - org.eclipse.om2m.core.Activator 
Rest client service discovered. Protocol: http
[2017-09-25 13:53:56,030 INFO] - org.eclipse.om2m.semantics.Activator 
Starting semantics service
[2017-09-25 13:53:56,031 INFO] - org.eclipse.om2m.semantics.Activator 
Registering semantics service..
[2017-09-25 13:53:56,033 INFO] - org.eclipse.om2m.core.Activator 
Semantics service discovered
[2017-09-25 13:53:56,033 INFO] - org.eclipse.om2m.semantics.Activator 
Semantics service registered.
[2017-09-25 13:53:56,035 INFO] - org.eclipse.om2m.webapp.resourcesbrowser.xml.Activator 
HttpService discovered
[2017-09-25 13:53:56,035 INFO] - org.eclipse.om2m.webapp.resourcesbrowser.xml.Activator 
Register /webpage http context
[2017-09-25 13:53:57,045 INFO] - org.eclipse.om2m.persistence.eclipselink.internal.DBServiceJPAImpl 
DataBase initialized.
[2017-09-25 13:53:57,081 INFO] - org.eclipse.om2m.persistence.eclipselink.Activator 
Registering Database (JPA-EL) Service
[2017-09-25 13:53:57,081 INFO] - org.eclipse.om2m.core.Activator 
DataBase persistence service discovered
[2017-09-25 13:53:57,083 INFO] - org.eclipse.om2m.core.thread.CoreExecutor 
Creating thread pool with corePoolSize=5 & maximumSize=50
[2017-09-25 13:53:57,087 INFO] - org.eclipse.om2m.core.CSEInitializer 
Initializating the cseBase
[2017-09-25 13:53:57,097 INFO] - org.eclipse.om2m.core.CSEInitializer 
Create AccessControlPolicy resource
[2017-09-25 13:53:57,143 INFO] - org.eclipse.om2m.core.CSEInitializer 
Create CSEBase resource
[2017-09-25 13:53:57,175 INFO] - org.eclipse.om2m.core.Activator 
Registering CseService...
[2017-09-25 13:53:57,187 INFO] - org.eclipse.om2m.binding.http.Activator 
CseService discovered
[2017-09-25 13:53:57,187 INFO] - org.eclipse.om2m.binding.coap.Activator 
CSE Service discovered
[2017-09-25 13:53:57,187 INFO] - org.eclipse.om2m.core.Activator 
CSE Started
[2017-09-25 14:04:28,306 INFO] - org.eclipse.om2m.datamapping.jaxb.Activator 
Starting Data Mapper
[2017-09-25 14:04:28,307 INFO] - org.eclipse.om2m.datamapping.jaxb.Activator 
Registering XML Mapper Service..
[2017-09-25 14:04:29,158 INFO] - org.eclipse.om2m.datamapping.jaxb.Activator 
XML Mapper service registered.
[2017-09-25 14:04:29,158 INFO] - org.eclipse.om2m.datamapping.jaxb.Activator 
Registering JSON Mapper Service..
[2017-09-25 14:04:29,605 INFO] - org.eclipse.om2m.datamapping.jaxb.Activator 
JSON Mapper service registered.
[2017-09-25 14:04:29,611 INFO] - org.eclipse.om2m.binding.coap.Activator 
Register CoAP RestClientService..
[2017-09-25 14:04:29,613 INFO] - org.eclipse.om2m.binding.coap.Activator 
Starting CoAP server
[2017-09-25 14:04:29,653 INFO] - org.eclipse.om2m.binding.coap.Activator 
CseService opened
[2017-09-25 14:04:29,671 INFO] - org.eclipse.om2m.binding.http.Activator 
Register HTTP RestClientService..
[2017-09-25 14:04:29,679 INFO] - org.eclipse.om2m.binding.http.Activator 
HTTP RestClientService is registered.
[2017-09-25 14:04:29,682 INFO] - org.eclipse.om2m.persistence.eclipselink.Activator 
Starting Persistence JPA plugin...
[2017-09-25 14:04:29,684 INFO] - org.eclipse.om2m.persistence.eclipselink.internal.DBServiceJPAImpl 
Initializing Database...
[2017-09-25 14:04:29,685 INFO] - org.eclipse.om2m.binding.http.Activator 
HttpService discovered
[2017-09-25 14:04:29,686 INFO] - org.eclipse.om2m.persistence.eclipselink.internal.DBServiceJPAImpl 
Creating new EntityManagerFactory...
[2017-09-25 14:04:29,686 INFO] - org.eclipse.om2m.binding.http.Activator 
Register / context
[2017-09-25 14:04:29,751 INFO] - org.eclipse.om2m.core.Activator 
Starting CSE...
[2017-09-25 14:04:29,751 INFO] - org.eclipse.om2m.core.Activator 
Added Data Mapper Service: application/xml
[2017-09-25 14:04:29,751 INFO] - org.eclipse.om2m.core.Activator 
Added Data Mapper Service: application/json
[2017-09-25 14:04:29,753 INFO] - org.eclipse.om2m.core.Activator 
Rest client service discovered. Protocol: coap
[2017-09-25 14:04:29,753 INFO] - org.eclipse.om2m.core.Activator 
Rest client service discovered. Protocol: http
[2017-09-25 14:04:29,996 INFO] - org.eclipse.om2m.semantics.Activator 
Starting semantics service
[2017-09-25 14:04:29,997 INFO] - org.eclipse.om2m.semantics.Activator 
Registering semantics service..
[2017-09-25 14:04:30,001 INFO] - org.eclipse.om2m.core.Activator 
Semantics service discovered
[2017-09-25 14:04:30,002 INFO] - org.eclipse.om2m.semantics.Activator 
Semantics service registered.
[2017-09-25 14:04:30,004 INFO] - org.eclipse.om2m.webapp.resourcesbrowser.xml.Activator 
HttpService discovered
[2017-09-25 14:04:30,004 INFO] - org.eclipse.om2m.webapp.resourcesbrowser.xml.Activator 
Register /webpage http context
[2017-09-25 14:04:30,993 INFO] - org.eclipse.om2m.persistence.eclipselink.internal.DBServiceJPAImpl 
DataBase initialized.
[2017-09-25 14:04:31,018 INFO] - org.eclipse.om2m.persistence.eclipselink.Activator 
Registering Database (JPA-EL) Service
[2017-09-25 14:04:31,018 INFO] - org.eclipse.om2m.core.Activator 
DataBase persistence service discovered
[2017-09-25 14:04:31,020 INFO] - org.eclipse.om2m.core.thread.CoreExecutor 
Creating thread pool with corePoolSize=5 & maximumSize=50
[2017-09-25 14:04:31,023 INFO] - org.eclipse.om2m.core.CSEInitializer 
Initializating the cseBase
[2017-09-25 14:04:31,037 INFO] - org.eclipse.om2m.core.CSEInitializer 
Create AccessControlPolicy resource
[2017-09-25 14:04:31,094 INFO] - org.eclipse.om2m.core.CSEInitializer 
Create CSEBase resource
[2017-09-25 14:04:31,119 INFO] - org.eclipse.om2m.core.Activator 
Registering CseService...
[2017-09-25 14:04:31,130 INFO] - org.eclipse.om2m.binding.coap.Activator 
CSE Service discovered
[2017-09-25 14:04:31,130 INFO] - org.eclipse.om2m.binding.http.Activator 
CseService discovered
[2017-09-25 14:04:31,131 INFO] - org.eclipse.om2m.core.Activator 
CSE Started
[2017-09-25 14:04:46,269 INFO] - org.eclipse.om2m.binding.http.RestHttpServlet 
----------------------------------------------------------------------------------------------
[2017-09-25 14:04:46,272 INFO] - org.eclipse.om2m.binding.http.RestHttpServlet 
Built RequestPrimitive: RequestPrimitive [to=/in-cse,
 resultContent=5,
 ]
[2017-09-25 14:04:46,272 INFO] - org.eclipse.om2m.binding.http.RestHttpServlet 
Accept header: application/xml
[2017-09-25 14:04:46,273 INFO] - org.eclipse.om2m.core.router.Router 
Received request in Router: RequestPrimitive [operation=2,
 to=/in-cse,
 from=admin:adin,
 resultContent=5,
 returnContentType=application/xml,
 requestContentType=application/xml,
 queryStrings={rcn=[5]}]
[2017-09-25 14:04:46,274 INFO] - org.eclipse.om2m.core.router.Router 
Request handling in the current CSE: /in-cse
[2017-09-25 14:04:46,274 INFO] - org.eclipse.om2m.core.router.Router 
ResourceController to be used [CSEBaseController]
[2017-09-25 14:04:46,280 INFO] - org.eclipse.om2m.core.router.Router 
OM2M exception caught in Router: Unknown or unauthorized originator
[2017-09-25 14:04:46,280 INFO] - org.eclipse.om2m.core.router.Router 
Response in Router= ResponsePrimitive [responseStatusCode=4103,
 content=Unknown or unauthorized originator,
 to=admin:adin,
 from=/in-cse,
 contentType=text/plain,
]
[2017-09-25 14:04:49,979 INFO] - org.eclipse.om2m.binding.http.RestHttpServlet 
----------------------------------------------------------------------------------------------
[2017-09-25 14:04:49,979 INFO] - org.eclipse.om2m.binding.http.RestHttpServlet 
Built RequestPrimitive: RequestPrimitive [to=/in-cse,
 resultContent=5,
 ]
[2017-09-25 14:04:49,979 INFO] - org.eclipse.om2m.binding.http.RestHttpServlet 
Accept header: application/xml
[2017-09-25 14:04:49,980 INFO] - org.eclipse.om2m.core.router.Router 
Received request in Router: RequestPrimitive [operation=2,
 to=/in-cse,
 from=admin:admin,
 resultContent=5,
 returnContentType=application/xml,
 requestContentType=application/xml,
 queryStrings={rcn=[5]}]
[2017-09-25 14:04:49,980 INFO] - org.eclipse.om2m.core.router.Router 
Request handling in the current CSE: /in-cse
[2017-09-25 14:04:49,980 INFO] - org.eclipse.om2m.core.router.Router 
ResourceController to be used [CSEBaseController]
[2017-09-25 14:04:50,001 INFO] - org.eclipse.om2m.core.router.Router 
Response in Router= ResponsePrimitive [responseStatusCode=2000,
 content=<?xml version="1.0" encoding="UTF-8"?>
<m2m:cb xmlns:m2m="http://www.onem2m.org/xml/protocols" rn="in-name">
   <ty>5</ty>
   <ri>/in-cse</ri>
   <ct>20170925T140431</ct>
   <lt>20170925T140431</lt>
   <acpi>/in-cse/acp-290688437</acpi>
   <cst>1</cst>
   <csi>in-cse</csi>
   <srt>1 2 3 4 5 9 14 15 16 17 23</srt>
   <poa>http://127.0.0.1:8080/</poa>
   <ch rn="acp_admin" ty="1">/in-cse/acp-290688437</ch>
</m2m:cb>
,
 to=admin:admin,
 from=/in-cse,
 contentType=application/xml,
]
